<?xml version="1.0" encoding="UTF-8"?>
<!-- Generated by org.testng.reporters.JUnitXMLReporter -->
<testsuite ignored="0" hostname="LAPTOP-C2JCA4PK" failures="0" tests="11" name="Test" time="0.039" errors="0" timestamp="04 Nov 2024 02:15:21 GMT">
  <testcase classname="MySpiceProject.BookHolidayPackage" name="BookHolidayPackage_departure" time="0.011"/>
  <testcase classname="MySpiceProject.BookHolidayPackage" name="BookHolidayPackage_destination" time="0.001"/>
  <testcase classname="MySpiceProject.BookHolidayPackage" name="BookHolidayPackage_return" time="0.0"/>
  <testcase classname="MySpiceProject.BookFlight" name="BookFlight_OneWay_Testcase1" time="0.0"/>
  <testcase classname="MySpiceProject.BookFlight" name="BookFlight_OneWay_Testcase2" time="0.0"/>
  <testcase classname="MySpiceProject.BookFlight" name="BookFlight_RoundTrip_Testcase1" time="0.001"/>
  <testcase classname="MySpiceProject.BookFlight" name="BookFlight_RoundTrip_Testcase2" time="0.002"/>
  <testcase classname="MySpiceProject.BookHotel" name="BookHotel_CheckOut" time="0.0"/>
  <testcase classname="MySpiceProject.BookHotel" name="BookHotel_Checkin" time="0.0"/>
  <testcase classname="MySpiceProject.BookHotel" name="BookHotel_DestinationCity" time="0.001"/>
  <testcase classname="MySpiceProject.FlightStatus" name="FlightStatustesttescase" time="0.001"/>
</testsuite> <!-- Test -->
