<?xml version="1.0" encoding="UTF-8"?>
<!-- Generated by org.testng.reporters.JUnitXMLReporter -->
<testsuite ignored="1" hostname="LAPTOP-C2JCA4PK" failures="0" tests="3" name="Default test" time="0.025" errors="0" timestamp="04 Nov 2024 01:19:50 GMT">
  <testcase classname="MySpiceProject.BookFlight" name="Booking_OneWay_TestCase3" time="0.005"/>
  <testcase classname="MySpiceProject.BookFlight" name="Booking_RoundTrip_TestCase1" time="0.001"/>
  <testcase classname="MySpiceProject.BookFlight" name="Booking_RoundTrip_TestCase2" time="0.0"/>
  <testcase classname="MySpiceProject.BookFlight" name="Booking_OneWay_TestCase4" time="0.0">
    <ignored/>
  </testcase> <!-- Booking_OneWay_TestCase4 -->
</testsuite> <!-- Default test -->
