<?xml version="1.0" encoding="UTF-8"?>
<!-- Generated by org.testng.reporters.JUnitXMLReporter -->
<testsuite ignored="0" hostname="LAPTOP-C2JCA4PK" failures="0" tests="39" name="Default test" time="0.673" errors="0" timestamp="23 Nov 2024 20:40:27 GMT">
  <testcase classname="unit_testing.TestDanhGia" name="TestDiemChu" time="0.014"/>
  <testcase classname="unit_testing.TestDanhGia" name="TestDiemChu" time="0.001"/>
  <testcase classname="unit_testing.TestDanhGia" name="TestDiemChu" time="0.001"/>
  <testcase classname="unit_testing.TestDanhGia" name="TestDiemChu" time="0.001"/>
  <testcase classname="unit_testing.TestDanhGia" name="TestDiemChu" time="0.001"/>
  <testcase classname="unit_testing.TestDanhGia" name="TestDiemChu" time="0.0"/>
  <testcase classname="unit_testing.TestDanhGia" name="TestDiemChu" time="0.001"/>
  <testcase classname="unit_testing.TestDanhGia" name="TestDiemChu" time="0.001"/>
  <testcase classname="unit_testing.TestDanhGia" name="TestDiemChu" time="0.002"/>
  <testcase classname="unit_testing.TestDanhGia" name="TestDiemChu" time="0.001"/>
  <testcase classname="unit_testing.TestDanhGia" name="TestDiemChu" time="0.0"/>
  <testcase classname="unit_testing.TestDanhGia" name="TestDiemChu" time="0.0"/>
  <testcase classname="unit_testing.TestDanhGia" name="TestDiemChu" time="0.0"/>
  <testcase classname="unit_testing.TestDanhGia" name="TestDiemChu" time="0.001"/>
  <testcase classname="unit_testing.TestDanhGia" name="TestDiemChu" time="0.001"/>
  <testcase classname="unit_testing.TestDanhGia" name="TestDiemChu" time="0.001"/>
  <testcase classname="unit_testing.TestDanhGia" name="TestDiemChu" time="0.001"/>
  <testcase classname="unit_testing.TestDanhGia" name="TestDiemChu" time="0.001"/>
  <testcase classname="unit_testing.TestDanhGia" name="TestDiemChu" time="0.001"/>
  <testcase classname="unit_testing.TestDanhGia" name="TestDiemChu" time="0.001"/>
  <testcase classname="unit_testing.TestDanhGia" name="TestDiemChu" time="0.0"/>
  <testcase classname="unit_testing.TestDanhGia" name="TestDiemChu" time="0.0"/>
  <testcase classname="unit_testing.TestDanhGia" name="TestDiemChu" time="0.0"/>
  <testcase classname="unit_testing.TestDanhGia" name="TestDiemChu" time="0.0"/>
  <testcase classname="unit_testing.TestDanhGia" name="TestDiemChu" time="0.001"/>
  <testcase classname="unit_testing.TestDanhGia" name="TestXepHang" time="0.001"/>
  <testcase classname="unit_testing.TestDanhGia" name="TestXepHang" time="0.001"/>
  <testcase classname="unit_testing.TestDanhGia" name="TestXepHang" time="0.001"/>
  <testcase classname="unit_testing.TestDanhGia" name="TestXepHang" time="0.001"/>
  <testcase classname="unit_testing.TestDanhGia" name="TestXepHang" time="0.001"/>
  <testcase classname="unit_testing.TestDanhGia" name="TestXepHang" time="0.001"/>
  <testcase classname="unit_testing.TestDanhGia" name="TestXepHang" time="0.001"/>
  <testcase classname="unit_testing.TestDanhGia" name="TestXepHang" time="0.0"/>
  <testcase classname="unit_testing.TestDanhGia" name="TestXepHang" time="0.0"/>
  <testcase classname="unit_testing.TestDanhGia" name="TestXepHang" time="0.001"/>
  <testcase classname="unit_testing.TestDanhGia" name="TestXepHang" time="0.0"/>
  <testcase classname="unit_testing.TestDanhGia" name="TestXepHang" time="0.001"/>
  <testcase classname="unit_testing.TestDanhGia" name="TestXepHang" time="0.0"/>
  <testcase classname="unit_testing.TestDanhGia" name="TestXepHang" time="0.001"/>
</testsuite> <!-- Default test -->
