<?xml version="1.0" encoding="UTF-8"?>
<testng-results ignored="0" total="39" passed="39" failed="0" skipped="0">
  <reporter-output>
  </reporter-output>
  <suite started-at="2024-11-23T20:40:27Z" name="Default suite" finished-at="2024-11-23T20:40:27Z" duration-ms="673">
    <groups>
    </groups>
    <test started-at="2024-11-23T20:40:27Z" name="Default test" finished-at="2024-11-23T20:40:27Z" duration-ms="673">
      <class name="unit_testing.TestDanhGia">
        <test-method is-config="true" signature="BeforeTest()[pri:0, instance:unit_testing.TestDanhGia@78dd667e]" started-at="2024-11-24T03:40:27Z" name="BeforeTest" finished-at="2024-11-24T03:40:27Z" duration-ms="4" status="PASS">
          <reporter-output>
          </reporter-output>
        </test-method> <!-- BeforeTest -->
        <test-method signature="TestDiemChu(double, java.lang.String)[pri:0, instance:unit_testing.TestDanhGia@78dd667e]" started-at="2024-11-24T03:40:27Z" name="TestDiemChu" data-provider="testdiemchu" finished-at="2024-11-24T03:40:27Z" duration-ms="14" status="PASS">
          <params>
            <param index="0">
              <value>
                <![CDATA[9.0]]>
              </value>
            </param>
            <param index="1">
              <value>
                <![CDATA[A]]>
              </value>
            </param>
          </params>
          <reporter-output>
          </reporter-output>
        </test-method> <!-- TestDiemChu -->
        <test-method signature="TestDiemChu(double, java.lang.String)[pri:0, instance:unit_testing.TestDanhGia@78dd667e]" started-at="2024-11-24T03:40:27Z" name="TestDiemChu" data-provider="testdiemchu" finished-at="2024-11-24T03:40:27Z" duration-ms="1" status="PASS">
          <params>
            <param index="0">
              <value>
                <![CDATA[9.5]]>
              </value>
            </param>
            <param index="1">
              <value>
                <![CDATA[A]]>
              </value>
            </param>
          </params>
          <reporter-output>
          </reporter-output>
        </test-method> <!-- TestDiemChu -->
        <test-method is-config="true" signature="BeforeTest()[pri:0, instance:unit_testing.TestDanhGia@78dd667e]" started-at="2024-11-24T03:40:27Z" name="BeforeTest" finished-at="2024-11-24T03:40:27Z" duration-ms="0" status="PASS">
          <reporter-output>
          </reporter-output>
        </test-method> <!-- BeforeTest -->
        <test-method is-config="true" signature="AfterTest()[pri:0, instance:unit_testing.TestDanhGia@78dd667e]" started-at="2024-11-24T03:40:27Z" name="AfterTest" finished-at="2024-11-24T03:40:27Z" duration-ms="0" status="PASS">
          <reporter-output>
          </reporter-output>
        </test-method> <!-- AfterTest -->
        <test-method is-config="true" signature="BeforeTest()[pri:0, instance:unit_testing.TestDanhGia@78dd667e]" started-at="2024-11-24T03:40:27Z" name="BeforeTest" finished-at="2024-11-24T03:40:27Z" duration-ms="0" status="PASS">
          <reporter-output>
          </reporter-output>
        </test-method> <!-- BeforeTest -->
        <test-method signature="TestDiemChu(double, java.lang.String)[pri:0, instance:unit_testing.TestDanhGia@78dd667e]" started-at="2024-11-24T03:40:27Z" name="TestDiemChu" data-provider="testdiemchu" finished-at="2024-11-24T03:40:27Z" duration-ms="1" status="PASS">
          <params>
            <param index="0">
              <value>
                <![CDATA[10.0]]>
              </value>
            </param>
            <param index="1">
              <value>
                <![CDATA[A]]>
              </value>
            </param>
          </params>
          <reporter-output>
          </reporter-output>
        </test-method> <!-- TestDiemChu -->
        <test-method is-config="true" signature="AfterTest()[pri:0, instance:unit_testing.TestDanhGia@78dd667e]" started-at="2024-11-24T03:40:27Z" name="AfterTest" finished-at="2024-11-24T03:40:27Z" duration-ms="0" status="PASS">
          <reporter-output>
          </reporter-output>
        </test-method> <!-- AfterTest -->
        <test-method is-config="true" signature="BeforeTest()[pri:0, instance:unit_testing.TestDanhGia@78dd667e]" started-at="2024-11-24T03:40:27Z" name="BeforeTest" finished-at="2024-11-24T03:40:27Z" duration-ms="1" status="PASS">
          <reporter-output>
          </reporter-output>
        </test-method> <!-- BeforeTest -->
        <test-method is-config="true" signature="AfterTest()[pri:0, instance:unit_testing.TestDanhGia@78dd667e]" started-at="2024-11-24T03:40:27Z" name="AfterTest" finished-at="2024-11-24T03:40:27Z" duration-ms="0" status="PASS">
          <reporter-output>
          </reporter-output>
        </test-method> <!-- AfterTest -->
        <test-method signature="TestDiemChu(double, java.lang.String)[pri:0, instance:unit_testing.TestDanhGia@78dd667e]" started-at="2024-11-24T03:40:27Z" name="TestDiemChu" data-provider="testdiemchu" finished-at="2024-11-24T03:40:27Z" duration-ms="1" status="PASS">
          <params>
            <param index="0">
              <value>
                <![CDATA[8.5]]>
              </value>
            </param>
            <param index="1">
              <value>
                <![CDATA[B+]]>
              </value>
            </param>
          </params>
          <reporter-output>
          </reporter-output>
        </test-method> <!-- TestDiemChu -->
        <test-method is-config="true" signature="AfterTest()[pri:0, instance:unit_testing.TestDanhGia@78dd667e]" started-at="2024-11-24T03:40:27Z" name="AfterTest" finished-at="2024-11-24T03:40:27Z" duration-ms="0" status="PASS">
          <reporter-output>
          </reporter-output>
        </test-method> <!-- AfterTest -->
        <test-method is-config="true" signature="BeforeTest()[pri:0, instance:unit_testing.TestDanhGia@78dd667e]" started-at="2024-11-24T03:40:27Z" name="BeforeTest" finished-at="2024-11-24T03:40:27Z" duration-ms="0" status="PASS">
          <reporter-output>
          </reporter-output>
        </test-method> <!-- BeforeTest -->
        <test-method signature="TestDiemChu(double, java.lang.String)[pri:0, instance:unit_testing.TestDanhGia@78dd667e]" started-at="2024-11-24T03:40:27Z" name="TestDiemChu" data-provider="testdiemchu" finished-at="2024-11-24T03:40:27Z" duration-ms="1" status="PASS">
          <params>
            <param index="0">
              <value>
                <![CDATA[8.9]]>
              </value>
            </param>
            <param index="1">
              <value>
                <![CDATA[B+]]>
              </value>
            </param>
          </params>
          <reporter-output>
          </reporter-output>
        </test-method> <!-- TestDiemChu -->
        <test-method is-config="true" signature="AfterTest()[pri:0, instance:unit_testing.TestDanhGia@78dd667e]" started-at="2024-11-24T03:40:27Z" name="AfterTest" finished-at="2024-11-24T03:40:27Z" duration-ms="0" status="PASS">
          <reporter-output>
          </reporter-output>
        </test-method> <!-- AfterTest -->
        <test-method is-config="true" signature="BeforeTest()[pri:0, instance:unit_testing.TestDanhGia@78dd667e]" started-at="2024-11-24T03:40:27Z" name="BeforeTest" finished-at="2024-11-24T03:40:27Z" duration-ms="0" status="PASS">
          <reporter-output>
          </reporter-output>
        </test-method> <!-- BeforeTest -->
        <test-method signature="TestDiemChu(double, java.lang.String)[pri:0, instance:unit_testing.TestDanhGia@78dd667e]" started-at="2024-11-24T03:40:27Z" name="TestDiemChu" data-provider="testdiemchu" finished-at="2024-11-24T03:40:27Z" duration-ms="0" status="PASS">
          <params>
            <param index="0">
              <value>
                <![CDATA[7.0]]>
              </value>
            </param>
            <param index="1">
              <value>
                <![CDATA[B]]>
              </value>
            </param>
          </params>
          <reporter-output>
          </reporter-output>
        </test-method> <!-- TestDiemChu -->
        <test-method is-config="true" signature="AfterTest()[pri:0, instance:unit_testing.TestDanhGia@78dd667e]" started-at="2024-11-24T03:40:27Z" name="AfterTest" finished-at="2024-11-24T03:40:27Z" duration-ms="0" status="PASS">
          <reporter-output>
          </reporter-output>
        </test-method> <!-- AfterTest -->
        <test-method is-config="true" signature="BeforeTest()[pri:0, instance:unit_testing.TestDanhGia@78dd667e]" started-at="2024-11-24T03:40:27Z" name="BeforeTest" finished-at="2024-11-24T03:40:27Z" duration-ms="0" status="PASS">
          <reporter-output>
          </reporter-output>
        </test-method> <!-- BeforeTest -->
        <test-method signature="TestDiemChu(double, java.lang.String)[pri:0, instance:unit_testing.TestDanhGia@78dd667e]" started-at="2024-11-24T03:40:27Z" name="TestDiemChu" data-provider="testdiemchu" finished-at="2024-11-24T03:40:27Z" duration-ms="1" status="PASS">
          <params>
            <param index="0">
              <value>
                <![CDATA[7.5]]>
              </value>
            </param>
            <param index="1">
              <value>
                <![CDATA[B]]>
              </value>
            </param>
          </params>
          <reporter-output>
          </reporter-output>
        </test-method> <!-- TestDiemChu -->
        <test-method is-config="true" signature="BeforeTest()[pri:0, instance:unit_testing.TestDanhGia@78dd667e]" started-at="2024-11-24T03:40:27Z" name="BeforeTest" finished-at="2024-11-24T03:40:27Z" duration-ms="0" status="PASS">
          <reporter-output>
          </reporter-output>
        </test-method> <!-- BeforeTest -->
        <test-method signature="TestDiemChu(double, java.lang.String)[pri:0, instance:unit_testing.TestDanhGia@78dd667e]" started-at="2024-11-24T03:40:27Z" name="TestDiemChu" data-provider="testdiemchu" finished-at="2024-11-24T03:40:27Z" duration-ms="1" status="PASS">
          <params>
            <param index="0">
              <value>
                <![CDATA[7.9]]>
              </value>
            </param>
            <param index="1">
              <value>
                <![CDATA[B]]>
              </value>
            </param>
          </params>
          <reporter-output>
          </reporter-output>
        </test-method> <!-- TestDiemChu -->
        <test-method is-config="true" signature="AfterTest()[pri:0, instance:unit_testing.TestDanhGia@78dd667e]" started-at="2024-11-24T03:40:27Z" name="AfterTest" finished-at="2024-11-24T03:40:27Z" duration-ms="0" status="PASS">
          <reporter-output>
          </reporter-output>
        </test-method> <!-- AfterTest -->
        <test-method signature="TestDiemChu(double, java.lang.String)[pri:0, instance:unit_testing.TestDanhGia@78dd667e]" started-at="2024-11-24T03:40:27Z" name="TestDiemChu" data-provider="testdiemchu" finished-at="2024-11-24T03:40:27Z" duration-ms="2" status="PASS">
          <params>
            <param index="0">
              <value>
                <![CDATA[6.5]]>
              </value>
            </param>
            <param index="1">
              <value>
                <![CDATA[C+]]>
              </value>
            </param>
          </params>
          <reporter-output>
          </reporter-output>
        </test-method> <!-- TestDiemChu -->
        <test-method is-config="true" signature="BeforeTest()[pri:0, instance:unit_testing.TestDanhGia@78dd667e]" started-at="2024-11-24T03:40:27Z" name="BeforeTest" finished-at="2024-11-24T03:40:27Z" duration-ms="0" status="PASS">
          <reporter-output>
          </reporter-output>
        </test-method> <!-- BeforeTest -->
        <test-method is-config="true" signature="AfterTest()[pri:0, instance:unit_testing.TestDanhGia@78dd667e]" started-at="2024-11-24T03:40:27Z" name="AfterTest" finished-at="2024-11-24T03:40:27Z" duration-ms="0" status="PASS">
          <reporter-output>
          </reporter-output>
        </test-method> <!-- AfterTest -->
        <test-method is-config="true" signature="BeforeTest()[pri:0, instance:unit_testing.TestDanhGia@78dd667e]" started-at="2024-11-24T03:40:27Z" name="BeforeTest" finished-at="2024-11-24T03:40:27Z" duration-ms="0" status="PASS">
          <reporter-output>
          </reporter-output>
        </test-method> <!-- BeforeTest -->
        <test-method signature="TestDiemChu(double, java.lang.String)[pri:0, instance:unit_testing.TestDanhGia@78dd667e]" started-at="2024-11-24T03:40:27Z" name="TestDiemChu" data-provider="testdiemchu" finished-at="2024-11-24T03:40:27Z" duration-ms="1" status="PASS">
          <params>
            <param index="0">
              <value>
                <![CDATA[6.7]]>
              </value>
            </param>
            <param index="1">
              <value>
                <![CDATA[C+]]>
              </value>
            </param>
          </params>
          <reporter-output>
          </reporter-output>
        </test-method> <!-- TestDiemChu -->
        <test-method is-config="true" signature="AfterTest()[pri:0, instance:unit_testing.TestDanhGia@78dd667e]" started-at="2024-11-24T03:40:27Z" name="AfterTest" finished-at="2024-11-24T03:40:27Z" duration-ms="0" status="PASS">
          <reporter-output>
          </reporter-output>
        </test-method> <!-- AfterTest -->
        <test-method is-config="true" signature="AfterTest()[pri:0, instance:unit_testing.TestDanhGia@78dd667e]" started-at="2024-11-24T03:40:27Z" name="AfterTest" finished-at="2024-11-24T03:40:27Z" duration-ms="0" status="PASS">
          <reporter-output>
          </reporter-output>
        </test-method> <!-- AfterTest -->
        <test-method is-config="true" signature="BeforeTest()[pri:0, instance:unit_testing.TestDanhGia@78dd667e]" started-at="2024-11-24T03:40:27Z" name="BeforeTest" finished-at="2024-11-24T03:40:27Z" duration-ms="0" status="PASS">
          <reporter-output>
          </reporter-output>
        </test-method> <!-- BeforeTest -->
        <test-method signature="TestDiemChu(double, java.lang.String)[pri:0, instance:unit_testing.TestDanhGia@78dd667e]" started-at="2024-11-24T03:40:27Z" name="TestDiemChu" data-provider="testdiemchu" finished-at="2024-11-24T03:40:27Z" duration-ms="0" status="PASS">
          <params>
            <param index="0">
              <value>
                <![CDATA[6.9]]>
              </value>
            </param>
            <param index="1">
              <value>
                <![CDATA[C+]]>
              </value>
            </param>
          </params>
          <reporter-output>
          </reporter-output>
        </test-method> <!-- TestDiemChu -->
        <test-method is-config="true" signature="AfterTest()[pri:0, instance:unit_testing.TestDanhGia@78dd667e]" started-at="2024-11-24T03:40:27Z" name="AfterTest" finished-at="2024-11-24T03:40:27Z" duration-ms="0" status="PASS">
          <reporter-output>
          </reporter-output>
        </test-method> <!-- AfterTest -->
        <test-method signature="TestDiemChu(double, java.lang.String)[pri:0, instance:unit_testing.TestDanhGia@78dd667e]" started-at="2024-11-24T03:40:27Z" name="TestDiemChu" data-provider="testdiemchu" finished-at="2024-11-24T03:40:27Z" duration-ms="0" status="PASS">
          <params>
            <param index="0">
              <value>
                <![CDATA[5.5]]>
              </value>
            </param>
            <param index="1">
              <value>
                <![CDATA[C]]>
              </value>
            </param>
          </params>
          <reporter-output>
          </reporter-output>
        </test-method> <!-- TestDiemChu -->
        <test-method is-config="true" signature="AfterTest()[pri:0, instance:unit_testing.TestDanhGia@78dd667e]" started-at="2024-11-24T03:40:27Z" name="AfterTest" finished-at="2024-11-24T03:40:27Z" duration-ms="1" status="PASS">
          <reporter-output>
          </reporter-output>
        </test-method> <!-- AfterTest -->
        <test-method is-config="true" signature="BeforeTest()[pri:0, instance:unit_testing.TestDanhGia@78dd667e]" started-at="2024-11-24T03:40:27Z" name="BeforeTest" finished-at="2024-11-24T03:40:27Z" duration-ms="0" status="PASS">
          <reporter-output>
          </reporter-output>
        </test-method> <!-- BeforeTest -->
        <test-method signature="TestDiemChu(double, java.lang.String)[pri:0, instance:unit_testing.TestDanhGia@78dd667e]" started-at="2024-11-24T03:40:27Z" name="TestDiemChu" data-provider="testdiemchu" finished-at="2024-11-24T03:40:27Z" duration-ms="0" status="PASS">
          <params>
            <param index="0">
              <value>
                <![CDATA[6.0]]>
              </value>
            </param>
            <param index="1">
              <value>
                <![CDATA[C]]>
              </value>
            </param>
          </params>
          <reporter-output>
          </reporter-output>
        </test-method> <!-- TestDiemChu -->
        <test-method is-config="true" signature="BeforeTest()[pri:0, instance:unit_testing.TestDanhGia@78dd667e]" started-at="2024-11-24T03:40:27Z" name="BeforeTest" finished-at="2024-11-24T03:40:27Z" duration-ms="0" status="PASS">
          <reporter-output>
          </reporter-output>
        </test-method> <!-- BeforeTest -->
        <test-method is-config="true" signature="BeforeTest()[pri:0, instance:unit_testing.TestDanhGia@78dd667e]" started-at="2024-11-24T03:40:27Z" name="BeforeTest" finished-at="2024-11-24T03:40:27Z" duration-ms="0" status="PASS">
          <reporter-output>
          </reporter-output>
        </test-method> <!-- BeforeTest -->
        <test-method signature="TestDiemChu(double, java.lang.String)[pri:0, instance:unit_testing.TestDanhGia@78dd667e]" started-at="2024-11-24T03:40:27Z" name="TestDiemChu" data-provider="testdiemchu" finished-at="2024-11-24T03:40:27Z" duration-ms="1" status="PASS">
          <params>
            <param index="0">
              <value>
                <![CDATA[6.4]]>
              </value>
            </param>
            <param index="1">
              <value>
                <![CDATA[C]]>
              </value>
            </param>
          </params>
          <reporter-output>
          </reporter-output>
        </test-method> <!-- TestDiemChu -->
        <test-method is-config="true" signature="AfterTest()[pri:0, instance:unit_testing.TestDanhGia@78dd667e]" started-at="2024-11-24T03:40:27Z" name="AfterTest" finished-at="2024-11-24T03:40:27Z" duration-ms="0" status="PASS">
          <reporter-output>
          </reporter-output>
        </test-method> <!-- AfterTest -->
        <test-method is-config="true" signature="BeforeTest()[pri:0, instance:unit_testing.TestDanhGia@78dd667e]" started-at="2024-11-24T03:40:27Z" name="BeforeTest" finished-at="2024-11-24T03:40:27Z" duration-ms="0" status="PASS">
          <reporter-output>
          </reporter-output>
        </test-method> <!-- BeforeTest -->
        <test-method signature="TestDiemChu(double, java.lang.String)[pri:0, instance:unit_testing.TestDanhGia@78dd667e]" started-at="2024-11-24T03:40:27Z" name="TestDiemChu" data-provider="testdiemchu" finished-at="2024-11-24T03:40:27Z" duration-ms="1" status="PASS">
          <params>
            <param index="0">
              <value>
                <![CDATA[5.0]]>
              </value>
            </param>
            <param index="1">
              <value>
                <![CDATA[D+]]>
              </value>
            </param>
          </params>
          <reporter-output>
          </reporter-output>
        </test-method> <!-- TestDiemChu -->
        <test-method is-config="true" signature="AfterTest()[pri:0, instance:unit_testing.TestDanhGia@78dd667e]" started-at="2024-11-24T03:40:27Z" name="AfterTest" finished-at="2024-11-24T03:40:27Z" duration-ms="0" status="PASS">
          <reporter-output>
          </reporter-output>
        </test-method> <!-- AfterTest -->
        <test-method is-config="true" signature="BeforeTest()[pri:0, instance:unit_testing.TestDanhGia@78dd667e]" started-at="2024-11-24T03:40:27Z" name="BeforeTest" finished-at="2024-11-24T03:40:27Z" duration-ms="0" status="PASS">
          <reporter-output>
          </reporter-output>
        </test-method> <!-- BeforeTest -->
        <test-method is-config="true" signature="AfterTest()[pri:0, instance:unit_testing.TestDanhGia@78dd667e]" started-at="2024-11-24T03:40:27Z" name="AfterTest" finished-at="2024-11-24T03:40:27Z" duration-ms="0" status="PASS">
          <reporter-output>
          </reporter-output>
        </test-method> <!-- AfterTest -->
        <test-method signature="TestDiemChu(double, java.lang.String)[pri:0, instance:unit_testing.TestDanhGia@78dd667e]" started-at="2024-11-24T03:40:27Z" name="TestDiemChu" data-provider="testdiemchu" finished-at="2024-11-24T03:40:27Z" duration-ms="1" status="PASS">
          <params>
            <param index="0">
              <value>
                <![CDATA[5.2]]>
              </value>
            </param>
            <param index="1">
              <value>
                <![CDATA[D+]]>
              </value>
            </param>
          </params>
          <reporter-output>
          </reporter-output>
        </test-method> <!-- TestDiemChu -->
        <test-method is-config="true" signature="AfterTest()[pri:0, instance:unit_testing.TestDanhGia@78dd667e]" started-at="2024-11-24T03:40:27Z" name="AfterTest" finished-at="2024-11-24T03:40:27Z" duration-ms="0" status="PASS">
          <reporter-output>
          </reporter-output>
        </test-method> <!-- AfterTest -->
        <test-method signature="TestDiemChu(double, java.lang.String)[pri:0, instance:unit_testing.TestDanhGia@78dd667e]" started-at="2024-11-24T03:40:27Z" name="TestDiemChu" data-provider="testdiemchu" finished-at="2024-11-24T03:40:27Z" duration-ms="1" status="PASS">
          <params>
            <param index="0">
              <value>
                <![CDATA[5.4]]>
              </value>
            </param>
            <param index="1">
              <value>
                <![CDATA[D+]]>
              </value>
            </param>
          </params>
          <reporter-output>
          </reporter-output>
        </test-method> <!-- TestDiemChu -->
        <test-method is-config="true" signature="BeforeTest()[pri:0, instance:unit_testing.TestDanhGia@78dd667e]" started-at="2024-11-24T03:40:27Z" name="BeforeTest" finished-at="2024-11-24T03:40:27Z" duration-ms="0" status="PASS">
          <reporter-output>
          </reporter-output>
        </test-method> <!-- BeforeTest -->
        <test-method is-config="true" signature="AfterTest()[pri:0, instance:unit_testing.TestDanhGia@78dd667e]" started-at="2024-11-24T03:40:27Z" name="AfterTest" finished-at="2024-11-24T03:40:27Z" duration-ms="0" status="PASS">
          <reporter-output>
          </reporter-output>
        </test-method> <!-- AfterTest -->
        <test-method signature="TestDiemChu(double, java.lang.String)[pri:0, instance:unit_testing.TestDanhGia@78dd667e]" started-at="2024-11-24T03:40:27Z" name="TestDiemChu" data-provider="testdiemchu" finished-at="2024-11-24T03:40:27Z" duration-ms="1" status="PASS">
          <params>
            <param index="0">
              <value>
                <![CDATA[4.0]]>
              </value>
            </param>
            <param index="1">
              <value>
                <![CDATA[D]]>
              </value>
            </param>
          </params>
          <reporter-output>
          </reporter-output>
        </test-method> <!-- TestDiemChu -->
        <test-method is-config="true" signature="BeforeTest()[pri:0, instance:unit_testing.TestDanhGia@78dd667e]" started-at="2024-11-24T03:40:27Z" name="BeforeTest" finished-at="2024-11-24T03:40:27Z" duration-ms="0" status="PASS">
          <reporter-output>
          </reporter-output>
        </test-method> <!-- BeforeTest -->
        <test-method signature="TestDiemChu(double, java.lang.String)[pri:0, instance:unit_testing.TestDanhGia@78dd667e]" started-at="2024-11-24T03:40:27Z" name="TestDiemChu" data-provider="testdiemchu" finished-at="2024-11-24T03:40:27Z" duration-ms="1" status="PASS">
          <params>
            <param index="0">
              <value>
                <![CDATA[4.5]]>
              </value>
            </param>
            <param index="1">
              <value>
                <![CDATA[D]]>
              </value>
            </param>
          </params>
          <reporter-output>
          </reporter-output>
        </test-method> <!-- TestDiemChu -->
        <test-method is-config="true" signature="AfterTest()[pri:0, instance:unit_testing.TestDanhGia@78dd667e]" started-at="2024-11-24T03:40:27Z" name="AfterTest" finished-at="2024-11-24T03:40:27Z" duration-ms="0" status="PASS">
          <reporter-output>
          </reporter-output>
        </test-method> <!-- AfterTest -->
        <test-method is-config="true" signature="BeforeTest()[pri:0, instance:unit_testing.TestDanhGia@78dd667e]" started-at="2024-11-24T03:40:27Z" name="BeforeTest" finished-at="2024-11-24T03:40:27Z" duration-ms="0" status="PASS">
          <reporter-output>
          </reporter-output>
        </test-method> <!-- BeforeTest -->
        <test-method is-config="true" signature="AfterTest()[pri:0, instance:unit_testing.TestDanhGia@78dd667e]" started-at="2024-11-24T03:40:27Z" name="AfterTest" finished-at="2024-11-24T03:40:27Z" duration-ms="2" status="PASS">
          <reporter-output>
          </reporter-output>
        </test-method> <!-- AfterTest -->
        <test-method is-config="true" signature="BeforeTest()[pri:0, instance:unit_testing.TestDanhGia@78dd667e]" started-at="2024-11-24T03:40:27Z" name="BeforeTest" finished-at="2024-11-24T03:40:27Z" duration-ms="0" status="PASS">
          <reporter-output>
          </reporter-output>
        </test-method> <!-- BeforeTest -->
        <test-method signature="TestDiemChu(double, java.lang.String)[pri:0, instance:unit_testing.TestDanhGia@78dd667e]" started-at="2024-11-24T03:40:27Z" name="TestDiemChu" data-provider="testdiemchu" finished-at="2024-11-24T03:40:27Z" duration-ms="1" status="PASS">
          <params>
            <param index="0">
              <value>
                <![CDATA[4.9]]>
              </value>
            </param>
            <param index="1">
              <value>
                <![CDATA[D]]>
              </value>
            </param>
          </params>
          <reporter-output>
          </reporter-output>
        </test-method> <!-- TestDiemChu -->
        <test-method is-config="true" signature="BeforeTest()[pri:0, instance:unit_testing.TestDanhGia@78dd667e]" started-at="2024-11-24T03:40:27Z" name="BeforeTest" finished-at="2024-11-24T03:40:27Z" duration-ms="1" status="PASS">
          <reporter-output>
          </reporter-output>
        </test-method> <!-- BeforeTest -->
        <test-method is-config="true" signature="AfterTest()[pri:0, instance:unit_testing.TestDanhGia@78dd667e]" started-at="2024-11-24T03:40:27Z" name="AfterTest" finished-at="2024-11-24T03:40:27Z" duration-ms="0" status="PASS">
          <reporter-output>
          </reporter-output>
        </test-method> <!-- AfterTest -->
        <test-method is-config="true" signature="AfterTest()[pri:0, instance:unit_testing.TestDanhGia@78dd667e]" started-at="2024-11-24T03:40:27Z" name="AfterTest" finished-at="2024-11-24T03:40:27Z" duration-ms="1" status="PASS">
          <reporter-output>
          </reporter-output>
        </test-method> <!-- AfterTest -->
        <test-method signature="TestDiemChu(double, java.lang.String)[pri:0, instance:unit_testing.TestDanhGia@78dd667e]" started-at="2024-11-24T03:40:27Z" name="TestDiemChu" data-provider="testdiemchu" finished-at="2024-11-24T03:40:27Z" duration-ms="0" status="PASS">
          <params>
            <param index="0">
              <value>
                <![CDATA[0.0]]>
              </value>
            </param>
            <param index="1">
              <value>
                <![CDATA[F]]>
              </value>
            </param>
          </params>
          <reporter-output>
          </reporter-output>
        </test-method> <!-- TestDiemChu -->
        <test-method signature="TestDiemChu(double, java.lang.String)[pri:0, instance:unit_testing.TestDanhGia@78dd667e]" started-at="2024-11-24T03:40:27Z" name="TestDiemChu" data-provider="testdiemchu" finished-at="2024-11-24T03:40:27Z" duration-ms="0" status="PASS">
          <params>
            <param index="0">
              <value>
                <![CDATA[2.0]]>
              </value>
            </param>
            <param index="1">
              <value>
                <![CDATA[F]]>
              </value>
            </param>
          </params>
          <reporter-output>
          </reporter-output>
        </test-method> <!-- TestDiemChu -->
        <test-method is-config="true" signature="BeforeTest()[pri:0, instance:unit_testing.TestDanhGia@78dd667e]" started-at="2024-11-24T03:40:27Z" name="BeforeTest" finished-at="2024-11-24T03:40:27Z" duration-ms="0" status="PASS">
          <reporter-output>
          </reporter-output>
        </test-method> <!-- BeforeTest -->
        <test-method is-config="true" signature="AfterTest()[pri:0, instance:unit_testing.TestDanhGia@78dd667e]" started-at="2024-11-24T03:40:27Z" name="AfterTest" finished-at="2024-11-24T03:40:27Z" duration-ms="1" status="PASS">
          <reporter-output>
          </reporter-output>
        </test-method> <!-- AfterTest -->
        <test-method is-config="true" signature="AfterTest()[pri:0, instance:unit_testing.TestDanhGia@78dd667e]" started-at="2024-11-24T03:40:27Z" name="AfterTest" finished-at="2024-11-24T03:40:27Z" duration-ms="1" status="PASS">
          <reporter-output>
          </reporter-output>
        </test-method> <!-- AfterTest -->
        <test-method is-config="true" signature="BeforeTest()[pri:0, instance:unit_testing.TestDanhGia@78dd667e]" started-at="2024-11-24T03:40:27Z" name="BeforeTest" finished-at="2024-11-24T03:40:27Z" duration-ms="0" status="PASS">
          <reporter-output>
          </reporter-output>
        </test-method> <!-- BeforeTest -->
        <test-method signature="TestDiemChu(double, java.lang.String)[pri:0, instance:unit_testing.TestDanhGia@78dd667e]" started-at="2024-11-24T03:40:27Z" name="TestDiemChu" data-provider="testdiemchu" finished-at="2024-11-24T03:40:27Z" duration-ms="0" status="PASS">
          <params>
            <param index="0">
              <value>
                <![CDATA[3.9]]>
              </value>
            </param>
            <param index="1">
              <value>
                <![CDATA[F]]>
              </value>
            </param>
          </params>
          <reporter-output>
          </reporter-output>
        </test-method> <!-- TestDiemChu -->
        <test-method signature="TestDiemChu(double, java.lang.String)[pri:0, instance:unit_testing.TestDanhGia@78dd667e]" started-at="2024-11-24T03:40:27Z" name="TestDiemChu" data-provider="testdiemchu" finished-at="2024-11-24T03:40:27Z" duration-ms="0" status="PASS">
          <params>
            <param index="0">
              <value>
                <![CDATA[11.0]]>
              </value>
            </param>
            <param index="1">
              <value>
                <![CDATA[diem khong hop le]]>
              </value>
            </param>
          </params>
          <reporter-output>
          </reporter-output>
        </test-method> <!-- TestDiemChu -->
        <test-method is-config="true" signature="BeforeTest()[pri:0, instance:unit_testing.TestDanhGia@78dd667e]" started-at="2024-11-24T03:40:27Z" name="BeforeTest" finished-at="2024-11-24T03:40:27Z" duration-ms="0" status="PASS">
          <reporter-output>
          </reporter-output>
        </test-method> <!-- BeforeTest -->
        <test-method signature="TestDiemChu(double, java.lang.String)[pri:0, instance:unit_testing.TestDanhGia@78dd667e]" started-at="2024-11-24T03:40:27Z" name="TestDiemChu" data-provider="testdiemchu" finished-at="2024-11-24T03:40:27Z" duration-ms="1" status="PASS">
          <params>
            <param index="0">
              <value>
                <![CDATA[-1.0]]>
              </value>
            </param>
            <param index="1">
              <value>
                <![CDATA[diem khong hop le]]>
              </value>
            </param>
          </params>
          <reporter-output>
          </reporter-output>
        </test-method> <!-- TestDiemChu -->
        <test-method is-config="true" signature="AfterTest()[pri:0, instance:unit_testing.TestDanhGia@78dd667e]" started-at="2024-11-24T03:40:27Z" name="AfterTest" finished-at="2024-11-24T03:40:27Z" duration-ms="0" status="PASS">
          <reporter-output>
          </reporter-output>
        </test-method> <!-- AfterTest -->
        <test-method is-config="true" signature="BeforeTest()[pri:0, instance:unit_testing.TestDanhGia@78dd667e]" started-at="2024-11-24T03:40:27Z" name="BeforeTest" finished-at="2024-11-24T03:40:27Z" duration-ms="0" status="PASS">
          <reporter-output>
          </reporter-output>
        </test-method> <!-- BeforeTest -->
        <test-method is-config="true" signature="AfterTest()[pri:0, instance:unit_testing.TestDanhGia@78dd667e]" started-at="2024-11-24T03:40:27Z" name="AfterTest" finished-at="2024-11-24T03:40:27Z" duration-ms="0" status="PASS">
          <reporter-output>
          </reporter-output>
        </test-method> <!-- AfterTest -->
        <test-method is-config="true" signature="BeforeTest()[pri:0, instance:unit_testing.TestDanhGia@78dd667e]" started-at="2024-11-24T03:40:27Z" name="BeforeTest" finished-at="2024-11-24T03:40:27Z" duration-ms="0" status="PASS">
          <reporter-output>
          </reporter-output>
        </test-method> <!-- BeforeTest -->
        <test-method signature="TestXepHang(double, java.lang.String)[pri:0, instance:unit_testing.TestDanhGia@78dd667e]" started-at="2024-11-24T03:40:27Z" name="TestXepHang" data-provider="testxephang" finished-at="2024-11-24T03:40:27Z" duration-ms="1" status="PASS">
          <params>
            <param index="0">
              <value>
                <![CDATA[3.6]]>
              </value>
            </param>
            <param index="1">
              <value>
                <![CDATA[xuat sac]]>
              </value>
            </param>
          </params>
          <reporter-output>
          </reporter-output>
        </test-method> <!-- TestXepHang -->
        <test-method is-config="true" signature="BeforeTest()[pri:0, instance:unit_testing.TestDanhGia@78dd667e]" started-at="2024-11-24T03:40:27Z" name="BeforeTest" finished-at="2024-11-24T03:40:27Z" duration-ms="0" status="PASS">
          <reporter-output>
          </reporter-output>
        </test-method> <!-- BeforeTest -->
        <test-method is-config="true" signature="AfterTest()[pri:0, instance:unit_testing.TestDanhGia@78dd667e]" started-at="2024-11-24T03:40:27Z" name="AfterTest" finished-at="2024-11-24T03:40:27Z" duration-ms="0" status="PASS">
          <reporter-output>
          </reporter-output>
        </test-method> <!-- AfterTest -->
        <test-method signature="TestXepHang(double, java.lang.String)[pri:0, instance:unit_testing.TestDanhGia@78dd667e]" started-at="2024-11-24T03:40:27Z" name="TestXepHang" data-provider="testxephang" finished-at="2024-11-24T03:40:27Z" duration-ms="1" status="PASS">
          <params>
            <param index="0">
              <value>
                <![CDATA[3.8]]>
              </value>
            </param>
            <param index="1">
              <value>
                <![CDATA[xuat sac]]>
              </value>
            </param>
          </params>
          <reporter-output>
          </reporter-output>
        </test-method> <!-- TestXepHang -->
        <test-method signature="TestXepHang(double, java.lang.String)[pri:0, instance:unit_testing.TestDanhGia@78dd667e]" started-at="2024-11-24T03:40:27Z" name="TestXepHang" data-provider="testxephang" finished-at="2024-11-24T03:40:27Z" duration-ms="1" status="PASS">
          <params>
            <param index="0">
              <value>
                <![CDATA[4.0]]>
              </value>
            </param>
            <param index="1">
              <value>
                <![CDATA[xuat sac]]>
              </value>
            </param>
          </params>
          <reporter-output>
          </reporter-output>
        </test-method> <!-- TestXepHang -->
        <test-method is-config="true" signature="AfterTest()[pri:0, instance:unit_testing.TestDanhGia@78dd667e]" started-at="2024-11-24T03:40:27Z" name="AfterTest" finished-at="2024-11-24T03:40:27Z" duration-ms="0" status="PASS">
          <reporter-output>
          </reporter-output>
        </test-method> <!-- AfterTest -->
        <test-method is-config="true" signature="BeforeTest()[pri:0, instance:unit_testing.TestDanhGia@78dd667e]" started-at="2024-11-24T03:40:27Z" name="BeforeTest" finished-at="2024-11-24T03:40:27Z" duration-ms="0" status="PASS">
          <reporter-output>
          </reporter-output>
        </test-method> <!-- BeforeTest -->
        <test-method is-config="true" signature="BeforeTest()[pri:0, instance:unit_testing.TestDanhGia@78dd667e]" started-at="2024-11-24T03:40:27Z" name="BeforeTest" finished-at="2024-11-24T03:40:27Z" duration-ms="0" status="PASS">
          <reporter-output>
          </reporter-output>
        </test-method> <!-- BeforeTest -->
        <test-method signature="TestXepHang(double, java.lang.String)[pri:0, instance:unit_testing.TestDanhGia@78dd667e]" started-at="2024-11-24T03:40:27Z" name="TestXepHang" data-provider="testxephang" finished-at="2024-11-24T03:40:27Z" duration-ms="1" status="PASS">
          <params>
            <param index="0">
              <value>
                <![CDATA[3.2]]>
              </value>
            </param>
            <param index="1">
              <value>
                <![CDATA[gioi]]>
              </value>
            </param>
          </params>
          <reporter-output>
          </reporter-output>
        </test-method> <!-- TestXepHang -->
        <test-method is-config="true" signature="AfterTest()[pri:0, instance:unit_testing.TestDanhGia@78dd667e]" started-at="2024-11-24T03:40:27Z" name="AfterTest" finished-at="2024-11-24T03:40:27Z" duration-ms="0" status="PASS">
          <reporter-output>
          </reporter-output>
        </test-method> <!-- AfterTest -->
        <test-method is-config="true" signature="AfterTest()[pri:0, instance:unit_testing.TestDanhGia@78dd667e]" started-at="2024-11-24T03:40:27Z" name="AfterTest" finished-at="2024-11-24T03:40:27Z" duration-ms="0" status="PASS">
          <reporter-output>
          </reporter-output>
        </test-method> <!-- AfterTest -->
        <test-method is-config="true" signature="BeforeTest()[pri:0, instance:unit_testing.TestDanhGia@78dd667e]" started-at="2024-11-24T03:40:27Z" name="BeforeTest" finished-at="2024-11-24T03:40:27Z" duration-ms="0" status="PASS">
          <reporter-output>
          </reporter-output>
        </test-method> <!-- BeforeTest -->
        <test-method signature="TestXepHang(double, java.lang.String)[pri:0, instance:unit_testing.TestDanhGia@78dd667e]" started-at="2024-11-24T03:40:27Z" name="TestXepHang" data-provider="testxephang" finished-at="2024-11-24T03:40:27Z" duration-ms="1" status="PASS">
          <params>
            <param index="0">
              <value>
                <![CDATA[3.3]]>
              </value>
            </param>
            <param index="1">
              <value>
                <![CDATA[gioi]]>
              </value>
            </param>
          </params>
          <reporter-output>
          </reporter-output>
        </test-method> <!-- TestXepHang -->
        <test-method signature="TestXepHang(double, java.lang.String)[pri:0, instance:unit_testing.TestDanhGia@78dd667e]" started-at="2024-11-24T03:40:27Z" name="TestXepHang" data-provider="testxephang" finished-at="2024-11-24T03:40:27Z" duration-ms="1" status="PASS">
          <params>
            <param index="0">
              <value>
                <![CDATA[3.59]]>
              </value>
            </param>
            <param index="1">
              <value>
                <![CDATA[gioi]]>
              </value>
            </param>
          </params>
          <reporter-output>
          </reporter-output>
        </test-method> <!-- TestXepHang -->
        <test-method is-config="true" signature="BeforeTest()[pri:0, instance:unit_testing.TestDanhGia@78dd667e]" started-at="2024-11-24T03:40:27Z" name="BeforeTest" finished-at="2024-11-24T03:40:27Z" duration-ms="0" status="PASS">
          <reporter-output>
          </reporter-output>
        </test-method> <!-- BeforeTest -->
        <test-method is-config="true" signature="AfterTest()[pri:0, instance:unit_testing.TestDanhGia@78dd667e]" started-at="2024-11-24T03:40:27Z" name="AfterTest" finished-at="2024-11-24T03:40:27Z" duration-ms="0" status="PASS">
          <reporter-output>
          </reporter-output>
        </test-method> <!-- AfterTest -->
        <test-method signature="TestXepHang(double, java.lang.String)[pri:0, instance:unit_testing.TestDanhGia@78dd667e]" started-at="2024-11-24T03:40:27Z" name="TestXepHang" data-provider="testxephang" finished-at="2024-11-24T03:40:27Z" duration-ms="1" status="PASS">
          <params>
            <param index="0">
              <value>
                <![CDATA[2.5]]>
              </value>
            </param>
            <param index="1">
              <value>
                <![CDATA[kha]]>
              </value>
            </param>
          </params>
          <reporter-output>
          </reporter-output>
        </test-method> <!-- TestXepHang -->
        <test-method is-config="true" signature="BeforeTest()[pri:0, instance:unit_testing.TestDanhGia@78dd667e]" started-at="2024-11-24T03:40:27Z" name="BeforeTest" finished-at="2024-11-24T03:40:27Z" duration-ms="0" status="PASS">
          <reporter-output>
          </reporter-output>
        </test-method> <!-- BeforeTest -->
        <test-method is-config="true" signature="AfterTest()[pri:0, instance:unit_testing.TestDanhGia@78dd667e]" started-at="2024-11-24T03:40:27Z" name="AfterTest" finished-at="2024-11-24T03:40:27Z" duration-ms="0" status="PASS">
          <reporter-output>
          </reporter-output>
        </test-method> <!-- AfterTest -->
        <test-method is-config="true" signature="BeforeTest()[pri:0, instance:unit_testing.TestDanhGia@78dd667e]" started-at="2024-11-24T03:40:27Z" name="BeforeTest" finished-at="2024-11-24T03:40:27Z" duration-ms="0" status="PASS">
          <reporter-output>
          </reporter-output>
        </test-method> <!-- BeforeTest -->
        <test-method signature="TestXepHang(double, java.lang.String)[pri:0, instance:unit_testing.TestDanhGia@78dd667e]" started-at="2024-11-24T03:40:27Z" name="TestXepHang" data-provider="testxephang" finished-at="2024-11-24T03:40:27Z" duration-ms="0" status="PASS">
          <params>
            <param index="0">
              <value>
                <![CDATA[3.0]]>
              </value>
            </param>
            <param index="1">
              <value>
                <![CDATA[kha]]>
              </value>
            </param>
          </params>
          <reporter-output>
          </reporter-output>
        </test-method> <!-- TestXepHang -->
        <test-method is-config="true" signature="AfterTest()[pri:0, instance:unit_testing.TestDanhGia@78dd667e]" started-at="2024-11-24T03:40:27Z" name="AfterTest" finished-at="2024-11-24T03:40:27Z" duration-ms="0" status="PASS">
          <reporter-output>
          </reporter-output>
        </test-method> <!-- AfterTest -->
        <test-method signature="TestXepHang(double, java.lang.String)[pri:0, instance:unit_testing.TestDanhGia@78dd667e]" started-at="2024-11-24T03:40:27Z" name="TestXepHang" data-provider="testxephang" finished-at="2024-11-24T03:40:27Z" duration-ms="1" status="PASS">
          <params>
            <param index="0">
              <value>
                <![CDATA[2.0]]>
              </value>
            </param>
            <param index="1">
              <value>
                <![CDATA[trung binh]]>
              </value>
            </param>
          </params>
          <reporter-output>
          </reporter-output>
        </test-method> <!-- TestXepHang -->
        <test-method is-config="true" signature="BeforeTest()[pri:0, instance:unit_testing.TestDanhGia@78dd667e]" started-at="2024-11-24T03:40:27Z" name="BeforeTest" finished-at="2024-11-24T03:40:27Z" duration-ms="0" status="PASS">
          <reporter-output>
          </reporter-output>
        </test-method> <!-- BeforeTest -->
        <test-method is-config="true" signature="AfterTest()[pri:0, instance:unit_testing.TestDanhGia@78dd667e]" started-at="2024-11-24T03:40:27Z" name="AfterTest" finished-at="2024-11-24T03:40:27Z" duration-ms="0" status="PASS">
          <reporter-output>
          </reporter-output>
        </test-method> <!-- AfterTest -->
        <test-method signature="TestXepHang(double, java.lang.String)[pri:0, instance:unit_testing.TestDanhGia@78dd667e]" started-at="2024-11-24T03:40:27Z" name="TestXepHang" data-provider="testxephang" finished-at="2024-11-24T03:40:27Z" duration-ms="0" status="PASS">
          <params>
            <param index="0">
              <value>
                <![CDATA[3.19]]>
              </value>
            </param>
            <param index="1">
              <value>
                <![CDATA[kha]]>
              </value>
            </param>
          </params>
          <reporter-output>
          </reporter-output>
        </test-method> <!-- TestXepHang -->
        <test-method is-config="true" signature="BeforeTest()[pri:0, instance:unit_testing.TestDanhGia@78dd667e]" started-at="2024-11-24T03:40:27Z" name="BeforeTest" finished-at="2024-11-24T03:40:27Z" duration-ms="0" status="PASS">
          <reporter-output>
          </reporter-output>
        </test-method> <!-- BeforeTest -->
        <test-method is-config="true" signature="AfterTest()[pri:0, instance:unit_testing.TestDanhGia@78dd667e]" started-at="2024-11-24T03:40:27Z" name="AfterTest" finished-at="2024-11-24T03:40:27Z" duration-ms="0" status="PASS">
          <reporter-output>
          </reporter-output>
        </test-method> <!-- AfterTest -->
        <test-method is-config="true" signature="BeforeTest()[pri:0, instance:unit_testing.TestDanhGia@78dd667e]" started-at="2024-11-24T03:40:27Z" name="BeforeTest" finished-at="2024-11-24T03:40:27Z" duration-ms="0" status="PASS">
          <reporter-output>
          </reporter-output>
        </test-method> <!-- BeforeTest -->
        <test-method signature="TestXepHang(double, java.lang.String)[pri:0, instance:unit_testing.TestDanhGia@78dd667e]" started-at="2024-11-24T03:40:27Z" name="TestXepHang" data-provider="testxephang" finished-at="2024-11-24T03:40:27Z" duration-ms="0" status="PASS">
          <params>
            <param index="0">
              <value>
                <![CDATA[2.3]]>
              </value>
            </param>
            <param index="1">
              <value>
                <![CDATA[trung binh]]>
              </value>
            </param>
          </params>
          <reporter-output>
          </reporter-output>
        </test-method> <!-- TestXepHang -->
        <test-method is-config="true" signature="AfterTest()[pri:0, instance:unit_testing.TestDanhGia@78dd667e]" started-at="2024-11-24T03:40:27Z" name="AfterTest" finished-at="2024-11-24T03:40:27Z" duration-ms="0" status="PASS">
          <reporter-output>
          </reporter-output>
        </test-method> <!-- AfterTest -->
        <test-method is-config="true" signature="AfterTest()[pri:0, instance:unit_testing.TestDanhGia@78dd667e]" started-at="2024-11-24T03:40:27Z" name="AfterTest" finished-at="2024-11-24T03:40:27Z" duration-ms="0" status="PASS">
          <reporter-output>
          </reporter-output>
        </test-method> <!-- AfterTest -->
        <test-method is-config="true" signature="BeforeTest()[pri:0, instance:unit_testing.TestDanhGia@78dd667e]" started-at="2024-11-24T03:40:27Z" name="BeforeTest" finished-at="2024-11-24T03:40:27Z" duration-ms="0" status="PASS">
          <reporter-output>
          </reporter-output>
        </test-method> <!-- BeforeTest -->
        <test-method signature="TestXepHang(double, java.lang.String)[pri:0, instance:unit_testing.TestDanhGia@78dd667e]" started-at="2024-11-24T03:40:27Z" name="TestXepHang" data-provider="testxephang" finished-at="2024-11-24T03:40:27Z" duration-ms="1" status="PASS">
          <params>
            <param index="0">
              <value>
                <![CDATA[2.49]]>
              </value>
            </param>
            <param index="1">
              <value>
                <![CDATA[trung binh]]>
              </value>
            </param>
          </params>
          <reporter-output>
          </reporter-output>
        </test-method> <!-- TestXepHang -->
        <test-method is-config="true" signature="AfterTest()[pri:0, instance:unit_testing.TestDanhGia@78dd667e]" started-at="2024-11-24T03:40:27Z" name="AfterTest" finished-at="2024-11-24T03:40:27Z" duration-ms="1" status="PASS">
          <reporter-output>
          </reporter-output>
        </test-method> <!-- AfterTest -->
        <test-method is-config="true" signature="BeforeTest()[pri:0, instance:unit_testing.TestDanhGia@78dd667e]" started-at="2024-11-24T03:40:27Z" name="BeforeTest" finished-at="2024-11-24T03:40:27Z" duration-ms="0" status="PASS">
          <reporter-output>
          </reporter-output>
        </test-method> <!-- BeforeTest -->
        <test-method signature="TestXepHang(double, java.lang.String)[pri:0, instance:unit_testing.TestDanhGia@78dd667e]" started-at="2024-11-24T03:40:27Z" name="TestXepHang" data-provider="testxephang" finished-at="2024-11-24T03:40:27Z" duration-ms="0" status="PASS">
          <params>
            <param index="0">
              <value>
                <![CDATA[4.1]]>
              </value>
            </param>
            <param index="1">
              <value>
                <![CDATA[diem khong hop le]]>
              </value>
            </param>
          </params>
          <reporter-output>
          </reporter-output>
        </test-method> <!-- TestXepHang -->
        <test-method is-config="true" signature="AfterTest()[pri:0, instance:unit_testing.TestDanhGia@78dd667e]" started-at="2024-11-24T03:40:27Z" name="AfterTest" finished-at="2024-11-24T03:40:27Z" duration-ms="0" status="PASS">
          <reporter-output>
          </reporter-output>
        </test-method> <!-- AfterTest -->
        <test-method is-config="true" signature="BeforeTest()[pri:0, instance:unit_testing.TestDanhGia@78dd667e]" started-at="2024-11-24T03:40:27Z" name="BeforeTest" finished-at="2024-11-24T03:40:27Z" duration-ms="0" status="PASS">
          <reporter-output>
          </reporter-output>
        </test-method> <!-- BeforeTest -->
        <test-method signature="TestXepHang(double, java.lang.String)[pri:0, instance:unit_testing.TestDanhGia@78dd667e]" started-at="2024-11-24T03:40:27Z" name="TestXepHang" data-provider="testxephang" finished-at="2024-11-24T03:40:27Z" duration-ms="1" status="PASS">
          <params>
            <param index="0">
              <value>
                <![CDATA[1.0]]>
              </value>
            </param>
            <param index="1">
              <value>
                <![CDATA[diem khong hop le]]>
              </value>
            </param>
          </params>
          <reporter-output>
          </reporter-output>
        </test-method> <!-- TestXepHang -->
        <test-method is-config="true" signature="AfterTest()[pri:0, instance:unit_testing.TestDanhGia@78dd667e]" started-at="2024-11-24T03:40:27Z" name="AfterTest" finished-at="2024-11-24T03:40:27Z" duration-ms="1" status="PASS">
          <reporter-output>
          </reporter-output>
        </test-method> <!-- AfterTest -->
      </class> <!-- unit_testing.TestDanhGia -->
    </test> <!-- Default test -->
  </suite> <!-- Default suite -->
</testng-results>
