<?xml version="1.0" encoding="UTF-8"?>
<testng-results ignored="1" total="4" passed="3" failed="0" skipped="0">
  <reporter-output>
  </reporter-output>
  <suite started-at="2024-11-04T01:19:50Z" name="Default suite" finished-at="2024-11-04T01:19:50Z" duration-ms="25">
    <groups>
    </groups>
    <test started-at="2024-11-04T01:19:50Z" name="Default test" finished-at="2024-11-04T01:19:50Z" duration-ms="25">
      <class name="MySpiceProject.BookFlight">
        <test-method is-config="true" signature="Beforetesttestcase1()[pri:0, instance:MySpiceProject.BookFlight@2c34f934]" started-at="2024-11-04T08:19:50Z" name="Beforetesttestcase1" finished-at="2024-11-04T08:19:50Z" duration-ms="5" status="PASS">
          <reporter-output>
          </reporter-output>
        </test-method> <!-- Beforetesttestcase1 -->
        <test-method is-config="true" signature="BeforeMethodtesttestcase1()[pri:0, instance:MySpiceProject.BookFlight@2c34f934]" started-at="2024-11-04T08:19:50Z" name="BeforeMethodtesttestcase1" finished-at="2024-11-04T08:19:50Z" duration-ms="1" status="PASS">
          <reporter-output>
          </reporter-output>
        </test-method> <!-- BeforeMethodtesttestcase1 -->
        <test-method signature="Booking_OneWay_TestCase3()[pri:0, instance:MySpiceProject.BookFlight@2c34f934]" started-at="2024-11-04T08:19:50Z" name="Booking_OneWay_TestCase3" finished-at="2024-11-04T08:19:50Z" duration-ms="5" status="PASS">
          <reporter-output>
          </reporter-output>
        </test-method> <!-- Booking_OneWay_TestCase3 -->
        <test-method is-config="true" signature="AfterMethodtesttestcase()[pri:0, instance:MySpiceProject.BookFlight@2c34f934]" started-at="2024-11-04T08:19:50Z" name="AfterMethodtesttestcase" finished-at="2024-11-04T08:19:50Z" duration-ms="0" status="PASS">
          <reporter-output>
          </reporter-output>
        </test-method> <!-- AfterMethodtesttestcase -->
        <test-method is-config="true" signature="BeforeMethodtesttestcase1()[pri:0, instance:MySpiceProject.BookFlight@2c34f934]" started-at="2024-11-04T08:19:50Z" name="BeforeMethodtesttestcase1" finished-at="2024-11-04T08:19:50Z" duration-ms="0" status="PASS">
          <reporter-output>
          </reporter-output>
        </test-method> <!-- BeforeMethodtesttestcase1 -->
        <test-method signature="Booking_RoundTrip_TestCase1()[pri:0, instance:MySpiceProject.BookFlight@2c34f934]" started-at="2024-11-04T08:19:50Z" name="Booking_RoundTrip_TestCase1" finished-at="2024-11-04T08:19:50Z" duration-ms="1" status="PASS">
          <reporter-output>
          </reporter-output>
        </test-method> <!-- Booking_RoundTrip_TestCase1 -->
        <test-method is-config="true" signature="AfterMethodtesttestcase()[pri:0, instance:MySpiceProject.BookFlight@2c34f934]" started-at="2024-11-04T08:19:50Z" name="AfterMethodtesttestcase" finished-at="2024-11-04T08:19:50Z" duration-ms="1" status="PASS">
          <reporter-output>
          </reporter-output>
        </test-method> <!-- AfterMethodtesttestcase -->
        <test-method signature="Booking_RoundTrip_TestCase2()[pri:0, instance:MySpiceProject.BookFlight@2c34f934]" started-at="2024-11-04T08:19:50Z" name="Booking_RoundTrip_TestCase2" finished-at="2024-11-04T08:19:50Z" duration-ms="0" status="PASS">
          <reporter-output>
          </reporter-output>
        </test-method> <!-- Booking_RoundTrip_TestCase2 -->
        <test-method is-config="true" signature="BeforeMethodtesttestcase1()[pri:0, instance:MySpiceProject.BookFlight@2c34f934]" started-at="2024-11-04T08:19:50Z" name="BeforeMethodtesttestcase1" finished-at="2024-11-04T08:19:50Z" duration-ms="0" status="PASS">
          <reporter-output>
          </reporter-output>
        </test-method> <!-- BeforeMethodtesttestcase1 -->
        <test-method is-config="true" signature="Aftertesttestcase1()[pri:0, instance:MySpiceProject.BookFlight@2c34f934]" started-at="2024-11-04T08:19:50Z" name="Aftertesttestcase1" finished-at="2024-11-04T08:19:50Z" duration-ms="0" status="PASS">
          <reporter-output>
          </reporter-output>
        </test-method> <!-- Aftertesttestcase1 -->
        <test-method is-config="true" signature="AfterMethodtesttestcase()[pri:0, instance:MySpiceProject.BookFlight@2c34f934]" started-at="2024-11-04T08:19:50Z" name="AfterMethodtesttestcase" finished-at="2024-11-04T08:19:50Z" duration-ms="0" status="PASS">
          <reporter-output>
          </reporter-output>
        </test-method> <!-- AfterMethodtesttestcase -->
      </class> <!-- MySpiceProject.BookFlight -->
    </test> <!-- Default test -->
  </suite> <!-- Default suite -->
</testng-results>
